<?xml version="1.0" encoding="UTF-8"?>
<!-- Generated by org.testng.reporters.JUnitXMLReporter -->
<testsuite hostname="TP5VDIDEVTCM623" ignored="1" name="Default test" tests="1" failures="0" timestamp="15 Jul 2019 09:58:29 GMT" time="16.637" errors="0">
  <testcase name="testChromeSearch" time="15.595" classname="testNgMavenExample.TestNgMavenExampleTest"/>
  <testcase name="createChangeRequest" time="0.0" classname="testNgMavenExample.TestNgMavenExampleTest">
    <ignored/>
  </testcase> <!-- createChangeRequest -->
</testsuite> <!-- Default test -->
