<?xml version="1.0" encoding="UTF-8"?>
<testng-results skipped="0" failed="0" total="1" passed="1">
  <reporter-output>
  </reporter-output>
  <suite name="testNgMavenExample.TestNgMavenExampleTest" duration-ms="13252" started-at="2019-07-15T09:52:48Z" finished-at="2019-07-15T09:53:01Z">
    <groups>
    </groups>
    <test name="Command line test" duration-ms="13252" started-at="2019-07-15T09:52:48Z" finished-at="2019-07-15T09:53:01Z">
      <class name="testNgMavenExample.TestNgMavenExampleTest">
        <test-method status="PASS" signature="startReport()[pri:0, instance:testNgMavenExample.TestNgMavenExampleTest@54a097cc]" name="startReport" is-config="true" duration-ms="371" started-at="2019-07-15T15:22:48Z" finished-at="2019-07-15T15:22:48Z">
          <reporter-output>
          </reporter-output>
        </test-method> <!-- startReport -->
        <test-method status="PASS" signature="testChromeSearch()[pri:0, instance:testNgMavenExample.TestNgMavenExampleTest@54a097cc]" name="testChromeSearch" duration-ms="12373" started-at="2019-07-15T15:22:48Z" description="Creation of a CR Ticket" finished-at="2019-07-15T15:23:00Z">
          <reporter-output>
          </reporter-output>
        </test-method> <!-- testChromeSearch -->
        <test-method status="PASS" signature="getResult(org.testng.ITestResult)[pri:0, instance:testNgMavenExample.TestNgMavenExampleTest@54a097cc]" name="getResult" is-config="true" duration-ms="2" started-at="2019-07-15T15:23:00Z" finished-at="2019-07-15T15:23:00Z">
          <params>
            <param index="0">
              <value>
                <![CDATA[[TestResult name=testChromeSearch status=SUCCESS method=TestNgMavenExampleTest.testChromeSearch()[pri:0, instance:testNgMavenExample.TestNgMavenExampleTest@54a097cc] output={null}]]]>
              </value>
            </param>
          </params>
          <reporter-output>
          </reporter-output>
        </test-method> <!-- getResult -->
        <test-method status="PASS" signature="endReport()[pri:0, instance:testNgMavenExample.TestNgMavenExampleTest@54a097cc]" name="endReport" is-config="true" duration-ms="494" started-at="2019-07-15T15:23:00Z" finished-at="2019-07-15T15:23:01Z">
          <reporter-output>
          </reporter-output>
        </test-method> <!-- endReport -->
      </class> <!-- testNgMavenExample.TestNgMavenExampleTest -->
    </test> <!-- Command line test -->
  </suite> <!-- testNgMavenExample.TestNgMavenExampleTest -->
</testng-results>
