<?xml version="1.0" encoding="UTF-8"?>
<testng-results skipped="0" failed="0" total="2" passed="2">
  <reporter-output>
  </reporter-output>
  <suite name="testNgMavenExample.TestNgMavenExampleTest" duration-ms="123895" started-at="2019-07-10T10:37:32Z" finished-at="2019-07-10T10:39:36Z">
    <groups>
    </groups>
    <test name="Command line test" duration-ms="123895" started-at="2019-07-10T10:37:32Z" finished-at="2019-07-10T10:39:36Z">
      <class name="testNgMavenExample.TestNgMavenExampleTest">
        <test-method status="PASS" signature="f()[pri:0, instance:testNgMavenExample.TestNgMavenExampleTest@62043840]" name="f" duration-ms="55991" started-at="2019-07-10T16:07:32Z" description="Creation of a CR Ticket" finished-at="2019-07-10T16:08:28Z">
          <reporter-output>
          </reporter-output>
        </test-method> <!-- f -->
        <test-method status="PASS" signature="createChangeRequest()[pri:0, instance:testNgMavenExample.TestNgMavenExampleTest@62043840]" name="createChangeRequest" duration-ms="67885" started-at="2019-07-10T16:08:28Z" description="Creation of a CR Ticket" finished-at="2019-07-10T16:09:36Z">
          <reporter-output>
          </reporter-output>
        </test-method> <!-- createChangeRequest -->
      </class> <!-- testNgMavenExample.TestNgMavenExampleTest -->
    </test> <!-- Command line test -->
  </suite> <!-- testNgMavenExample.TestNgMavenExampleTest -->
</testng-results>
