<?xml version="1.0" encoding="UTF-8"?>
<testng-results skipped="0" failed="0" ignored="1" total="2" passed="1">
  <reporter-output>
  </reporter-output>
  <suite name="Default suite" duration-ms="11812" started-at="2019-07-15T09:00:24Z" finished-at="2019-07-15T09:00:36Z">
    <groups>
    </groups>
    <test name="Default test" duration-ms="11812" started-at="2019-07-15T09:00:24Z" finished-at="2019-07-15T09:00:36Z">
      <class name="testNgMavenExample.TestNgMavenExampleTest">
        <test-method status="PASS" signature="startReport()[pri:0, instance:testNgMavenExample.TestNgMavenExampleTest@3f49dace]" name="startReport" is-config="true" duration-ms="458" started-at="2019-07-15T09:00:24Z" finished-at="2019-07-15T09:00:25Z">
          <reporter-output>
          </reporter-output>
        </test-method> <!-- startReport -->
        <test-method status="PASS" signature="testChromeSearch()[pri:0, instance:testNgMavenExample.TestNgMavenExampleTest@3f49dace]" name="testChromeSearch" duration-ms="10726" started-at="2019-07-15T09:00:25Z" description="Creation of a CR Ticket" finished-at="2019-07-15T09:00:36Z">
          <reporter-output>
          </reporter-output>
        </test-method> <!-- testChromeSearch -->
        <test-method status="PASS" signature="getResult(org.testng.ITestResult)[pri:0, instance:testNgMavenExample.TestNgMavenExampleTest@3f49dace]" name="getResult" is-config="true" duration-ms="3" started-at="2019-07-15T09:00:36Z" finished-at="2019-07-15T09:00:36Z">
          <params>
            <param index="0">
              <value>
                <![CDATA[[TestResult name=testChromeSearch status=SUCCESS method=TestNgMavenExampleTest.testChromeSearch()[pri:0, instance:testNgMavenExample.TestNgMavenExampleTest@3f49dace] output={null}]]]>
              </value>
            </param>
          </params>
          <reporter-output>
          </reporter-output>
        </test-method> <!-- getResult -->
        <test-method status="PASS" signature="endReport()[pri:0, instance:testNgMavenExample.TestNgMavenExampleTest@3f49dace]" name="endReport" is-config="true" duration-ms="590" started-at="2019-07-15T09:00:36Z" finished-at="2019-07-15T09:00:36Z">
          <reporter-output>
          </reporter-output>
        </test-method> <!-- endReport -->
      </class> <!-- testNgMavenExample.TestNgMavenExampleTest -->
    </test> <!-- Default test -->
  </suite> <!-- Default suite -->
</testng-results>
